[2018-12-17 15:47:41] INFO [main: CodeCraft-2019.py, 21] car_path is config/car.txt
[2018-12-17 15:47:41] INFO [main: CodeCraft-2019.py, 22] road_path is config/road.txt
[2018-12-17 15:47:41] INFO [main: CodeCraft-2019.py, 23] cross_path is config/cross.txt
[2018-12-17 15:47:41] INFO [main: CodeCraft-2019.py, 24] answer_path is config/answer.txt[2019-04-13 09:53:29] INFO [main: CodeCraft-2019.py, 783] car_path is ../config_1/car.txt
[2019-04-13 09:53:29] INFO [main: CodeCraft-2019.py, 784] road_path is ../config_1/road.txt
[2019-04-13 09:53:29] INFO [main: CodeCraft-2019.py, 785] cross_path is ../config_1/cross.txt
[2019-04-13 09:53:29] INFO [main: CodeCraft-2019.py, 786] preset_answer_path is ../config_1/presetAnswer.txt
[2019-04-13 09:53:29] INFO [main: CodeCraft-2019.py, 787] answer_path is ../config_1/answer.txt
[2019-04-13 09:53:50] INFO [main: CodeCraft-2019.py, 783] car_path is ../config_1/car.txt
[2019-04-13 09:53:50] INFO [main: CodeCraft-2019.py, 784] road_path is ../config_1/road.txt
[2019-04-13 09:53:50] INFO [main: CodeCraft-2019.py, 785] cross_path is ../config_1/cross.txt
[2019-04-13 09:53:50] INFO [main: CodeCraft-2019.py, 786] preset_answer_path is ../config_1/presetAnswer.txt
[2019-04-13 09:53:50] INFO [main: CodeCraft-2019.py, 787] answer_path is ../config_1/answer.txt
[2019-04-13 09:54:24] INFO [main: CodeCraft-2019.py, 783] car_path is ../config_1/car.txt
[2019-04-13 09:54:24] INFO [main: CodeCraft-2019.py, 784] road_path is ../config_1/road.txt
[2019-04-13 09:54:24] INFO [main: CodeCraft-2019.py, 785] cross_path is ../config_1/cross.txt
[2019-04-13 09:54:24] INFO [main: CodeCraft-2019.py, 786] preset_answer_path is ../config_1/presetAnswer.txt
[2019-04-13 09:54:24] INFO [main: CodeCraft-2019.py, 787] answer_path is ../config_1/answer.txt
[2019-04-13 09:59:38] INFO [main: CodeCraft-2019.py, 783] car_path is ../config_1/car.txt
[2019-04-13 09:59:38] INFO [main: CodeCraft-2019.py, 784] road_path is ../config_1/road.txt
[2019-04-13 09:59:38] INFO [main: CodeCraft-2019.py, 785] cross_path is ../config_1/cross.txt
[2019-04-13 09:59:38] INFO [main: CodeCraft-2019.py, 786] preset_answer_path is ../config_1/presetAnswer.txt
[2019-04-13 09:59:38] INFO [main: CodeCraft-2019.py, 787] answer_path is ../config_1/answer.txt
[2019-04-13 10:02:00] INFO [main: CodeCraft-2019.py, 825] car_path is ../config_1/car.txt
[2019-04-13 10:02:00] INFO [main: CodeCraft-2019.py, 826] road_path is ../config_1/road.txt
[2019-04-13 10:02:00] INFO [main: CodeCraft-2019.py, 827] cross_path is ../config_1/cross.txt
[2019-04-13 10:02:00] INFO [main: CodeCraft-2019.py, 828] preset_answer_path is ../config_1/presetAnswer.txt
[2019-04-13 10:02:00] INFO [main: CodeCraft-2019.py, 829] answer_path is ../config_1/answer.txt
[2019-04-13 10:06:46] INFO [main: CodeCraft-2019.py, 800] car_path is ../config_1/car.txt
[2019-04-13 10:06:46] INFO [main: CodeCraft-2019.py, 801] road_path is ../config_1/road.txt
[2019-04-13 10:06:46] INFO [main: CodeCraft-2019.py, 802] cross_path is ../config_1/cross.txt
[2019-04-13 10:06:46] INFO [main: CodeCraft-2019.py, 803] preset_answer_path is ../config_1/presetAnswer.txt
[2019-04-13 10:06:46] INFO [main: CodeCraft-2019.py, 804] answer_path is ../config_1/answer.txt
[2019-04-13 15:44:10] INFO [main: CodeCraft-2019.py, 841] car_path is ../config_1/car.txt
[2019-04-13 15:44:10] INFO [main: CodeCraft-2019.py, 842] road_path is ../config_1/road.txt
[2019-04-13 15:44:10] INFO [main: CodeCraft-2019.py, 843] cross_path is ../config_1/cross.txt
[2019-04-13 15:44:10] INFO [main: CodeCraft-2019.py, 844] preset_answer_path is ../config_1/presetAnswer.txt
[2019-04-13 15:44:10] INFO [main: CodeCraft-2019.py, 845] answer_path is ../config_1/answer.txt
[2019-04-13 16:35:56] INFO [main: CodeCraft-2019.py, 841] car_path is ../2-map-exam-2/car.txt
[2019-04-13 16:35:56] INFO [main: CodeCraft-2019.py, 842] road_path is ../2-map-exam-2/road.txt
[2019-04-13 16:35:56] INFO [main: CodeCraft-2019.py, 843] cross_path is ../2-map-exam-2/cross.txt
[2019-04-13 16:35:56] INFO [main: CodeCraft-2019.py, 844] preset_answer_path is ../2-map-exam-2/presetAnswer.txt
[2019-04-13 16:35:56] INFO [main: CodeCraft-2019.py, 845] answer_path is ../2-map-exam-2/answer.txt
[2019-04-13 16:43:58] INFO [main: CodeCraft-2019.py, 841] car_path is ../2-map-exam-1/car.txt
[2019-04-13 16:43:58] INFO [main: CodeCraft-2019.py, 842] road_path is ../2-map-exam-1/road.txt
[2019-04-13 16:43:58] INFO [main: CodeCraft-2019.py, 843] cross_path is ../2-map-exam-1/cross.txt
[2019-04-13 16:43:58] INFO [main: CodeCraft-2019.py, 844] preset_answer_path is ../2-map-exam-1/presetAnswer.txt
[2019-04-13 16:43:58] INFO [main: CodeCraft-2019.py, 845] answer_path is ../2-map-exam-1/answer.txt
