[2018-12-17 15:47:41] INFO [main: CodeCraft-2019.py, 21] car_path is config/car.txt
[2018-12-17 15:47:41] INFO [main: CodeCraft-2019.py, 22] road_path is config/road.txt
[2018-12-17 15:47:41] INFO [main: CodeCraft-2019.py, 23] cross_path is config/cross.txt
[2018-12-17 15:47:41] INFO [main: CodeCraft-2019.py, 24] answer_path is config/answer.txt[2019-03-27 19:08:17] INFO [main: CodeCraft-2019.py, 307] car_path is ../config_12/car.txt
[2019-03-27 19:08:17] INFO [main: CodeCraft-2019.py, 308] road_path is ../config_12/road.txt
[2019-03-27 19:08:17] INFO [main: CodeCraft-2019.py, 309] cross_path is ../config_12/cross.txt
[2019-03-27 19:08:17] INFO [main: CodeCraft-2019.py, 310] answer_path is ../config_12/answer.txt
[2019-03-27 19:09:38] INFO [main: CodeCraft-2019.py, 307] car_path is ../config_12/car.txt
[2019-03-27 19:09:38] INFO [main: CodeCraft-2019.py, 308] road_path is ../config_12/road.txt
[2019-03-27 19:09:38] INFO [main: CodeCraft-2019.py, 309] cross_path is ../config_12/cross.txt
[2019-03-27 19:09:38] INFO [main: CodeCraft-2019.py, 310] answer_path is ../config_12/answer.txt
[2019-03-27 19:09:50] INFO [main: CodeCraft-2019.py, 306] car_path is ../config_12/car.txt
[2019-03-27 19:09:50] INFO [main: CodeCraft-2019.py, 307] road_path is ../config_12/road.txt
[2019-03-27 19:09:50] INFO [main: CodeCraft-2019.py, 308] cross_path is ../config_12/cross.txt
[2019-03-27 19:09:50] INFO [main: CodeCraft-2019.py, 309] answer_path is ../config_12/answer.txt
[2019-03-27 19:10:10] INFO [main: CodeCraft-2019.py, 304] car_path is ../config_12/car.txt
[2019-03-27 19:10:10] INFO [main: CodeCraft-2019.py, 305] road_path is ../config_12/road.txt
[2019-03-27 19:10:10] INFO [main: CodeCraft-2019.py, 306] cross_path is ../config_12/cross.txt
[2019-03-27 19:10:10] INFO [main: CodeCraft-2019.py, 307] answer_path is ../config_12/answer.txt
[2019-03-27 22:56:57] INFO [main: CodeCraft-2019.py, 307] car_path is ../config_11/car.txt
[2019-03-27 22:56:57] INFO [main: CodeCraft-2019.py, 308] road_path is ../config_11/road.txt
[2019-03-27 22:56:57] INFO [main: CodeCraft-2019.py, 309] cross_path is ../config_11/cross.txt
[2019-03-27 22:56:57] INFO [main: CodeCraft-2019.py, 310] answer_path is ../config_11/answer.txt
[2019-03-27 23:19:02] INFO [main: CodeCraft-2019.py, 313] car_path is ../config_11/car.txt
[2019-03-27 23:19:02] INFO [main: CodeCraft-2019.py, 314] road_path is ../config_11/road.txt
[2019-03-27 23:19:02] INFO [main: CodeCraft-2019.py, 315] cross_path is ../config_11/cross.txt
[2019-03-27 23:19:02] INFO [main: CodeCraft-2019.py, 316] answer_path is ../config_11/answer.txt
[2019-03-27 23:21:58] INFO [main: CodeCraft-2019.py, 313] car_path is ../config_11/car.txt
[2019-03-27 23:21:58] INFO [main: CodeCraft-2019.py, 314] road_path is ../config_11/road.txt
[2019-03-27 23:21:58] INFO [main: CodeCraft-2019.py, 315] cross_path is ../config_11/cross.txt
[2019-03-27 23:21:58] INFO [main: CodeCraft-2019.py, 316] answer_path is ../config_11/answer.txt
[2019-03-28 10:04:06] INFO [main: CodeCraft-2019.py, 313] car_path is ../config_11/car.txt
[2019-03-28 10:04:06] INFO [main: CodeCraft-2019.py, 314] road_path is ../config_11/road.txt
[2019-03-28 10:04:06] INFO [main: CodeCraft-2019.py, 315] cross_path is ../config_11/cross.txt
[2019-03-28 10:04:06] INFO [main: CodeCraft-2019.py, 316] answer_path is ../config_11/answer.txt
[2019-03-28 10:06:10] INFO [main: CodeCraft-2019.py, 313] car_path is ../config_11/car.txt
[2019-03-28 10:06:10] INFO [main: CodeCraft-2019.py, 314] road_path is ../config_11/road.txt
[2019-03-28 10:06:10] INFO [main: CodeCraft-2019.py, 315] cross_path is ../config_11/cross.txt
[2019-03-28 10:06:10] INFO [main: CodeCraft-2019.py, 316] answer_path is ../config_11/answer.txt
[2019-03-28 10:07:45] INFO [main: CodeCraft-2019.py, 313] car_path is ../config_11/car.txt
[2019-03-28 10:07:45] INFO [main: CodeCraft-2019.py, 314] road_path is ../config_11/road.txt
[2019-03-28 10:07:45] INFO [main: CodeCraft-2019.py, 315] cross_path is ../config_11/cross.txt
[2019-03-28 10:07:45] INFO [main: CodeCraft-2019.py, 316] answer_path is ../config_11/answer.txt
[2019-03-28 10:09:14] INFO [main: CodeCraft-2019.py, 313] car_path is ../config_11/car.txt
[2019-03-28 10:09:14] INFO [main: CodeCraft-2019.py, 314] road_path is ../config_11/road.txt
[2019-03-28 10:09:14] INFO [main: CodeCraft-2019.py, 315] cross_path is ../config_11/cross.txt
[2019-03-28 10:09:14] INFO [main: CodeCraft-2019.py, 316] answer_path is ../config_11/answer.txt
[2019-03-28 10:12:58] INFO [main: CodeCraft-2019.py, 313] car_path is ../config_11/car.txt
[2019-03-28 10:12:58] INFO [main: CodeCraft-2019.py, 314] road_path is ../config_11/road.txt
[2019-03-28 10:12:58] INFO [main: CodeCraft-2019.py, 315] cross_path is ../config_11/cross.txt
[2019-03-28 10:12:58] INFO [main: CodeCraft-2019.py, 316] answer_path is ../config_11/answer.txt
[2019-03-28 10:13:20] INFO [main: CodeCraft-2019.py, 313] car_path is ../config_11/car.txt
[2019-03-28 10:13:20] INFO [main: CodeCraft-2019.py, 314] road_path is ../config_11/road.txt
[2019-03-28 10:13:20] INFO [main: CodeCraft-2019.py, 315] cross_path is ../config_11/cross.txt
[2019-03-28 10:13:20] INFO [main: CodeCraft-2019.py, 316] answer_path is ../config_11/answer.txt
[2019-03-28 10:17:15] INFO [main: CodeCraft-2019.py, 308] car_path is ../config_11/car.txt
[2019-03-28 10:17:15] INFO [main: CodeCraft-2019.py, 309] road_path is ../config_11/road.txt
[2019-03-28 10:17:15] INFO [main: CodeCraft-2019.py, 310] cross_path is ../config_11/cross.txt
[2019-03-28 10:17:15] INFO [main: CodeCraft-2019.py, 311] answer_path is ../config_11/answer.txt
[2019-03-28 10:35:18] INFO [main: CodeCraft-2019.py, 308] car_path is ../config_11/car.txt
[2019-03-28 10:35:18] INFO [main: CodeCraft-2019.py, 309] road_path is ../config_11/road.txt
[2019-03-28 10:35:18] INFO [main: CodeCraft-2019.py, 310] cross_path is ../config_11/cross.txt
[2019-03-28 10:35:18] INFO [main: CodeCraft-2019.py, 311] answer_path is ../config_11/answer.txt
[2019-03-28 10:38:35] INFO [main: CodeCraft-2019.py, 308] car_path is ../config_11/car.txt
[2019-03-28 10:38:35] INFO [main: CodeCraft-2019.py, 309] road_path is ../config_11/road.txt
[2019-03-28 10:38:35] INFO [main: CodeCraft-2019.py, 310] cross_path is ../config_11/cross.txt
[2019-03-28 10:38:35] INFO [main: CodeCraft-2019.py, 311] answer_path is ../config_11/answer.txt
[2019-03-28 10:40:02] INFO [main: CodeCraft-2019.py, 308] car_path is ../config_11/car.txt
[2019-03-28 10:40:02] INFO [main: CodeCraft-2019.py, 309] road_path is ../config_11/road.txt
[2019-03-28 10:40:02] INFO [main: CodeCraft-2019.py, 310] cross_path is ../config_11/cross.txt
[2019-03-28 10:40:02] INFO [main: CodeCraft-2019.py, 311] answer_path is ../config_11/answer.txt
[2019-03-28 10:40:52] INFO [main: CodeCraft-2019.py, 308] car_path is ../config_11/car.txt
[2019-03-28 10:40:52] INFO [main: CodeCraft-2019.py, 309] road_path is ../config_11/road.txt
[2019-03-28 10:40:52] INFO [main: CodeCraft-2019.py, 310] cross_path is ../config_11/cross.txt
[2019-03-28 10:40:52] INFO [main: CodeCraft-2019.py, 311] answer_path is ../config_11/answer.txt
[2019-03-28 10:43:45] INFO [main: CodeCraft-2019.py, 308] car_path is ../config_11/car.txt
[2019-03-28 10:43:45] INFO [main: CodeCraft-2019.py, 309] road_path is ../config_11/road.txt
[2019-03-28 10:43:45] INFO [main: CodeCraft-2019.py, 310] cross_path is ../config_11/cross.txt
[2019-03-28 10:43:45] INFO [main: CodeCraft-2019.py, 311] answer_path is ../config_11/answer.txt
[2019-03-28 10:56:04] INFO [main: CodeCraft-2019.py, 308] car_path is ../config_11/car.txt
[2019-03-28 10:56:04] INFO [main: CodeCraft-2019.py, 309] road_path is ../config_11/road.txt
[2019-03-28 10:56:04] INFO [main: CodeCraft-2019.py, 310] cross_path is ../config_11/cross.txt
[2019-03-28 10:56:04] INFO [main: CodeCraft-2019.py, 311] answer_path is ../config_11/answer.txt
[2019-03-28 10:56:53] INFO [main: CodeCraft-2019.py, 308] car_path is ../config_11/car.txt
[2019-03-28 10:56:53] INFO [main: CodeCraft-2019.py, 309] road_path is ../config_11/road.txt
[2019-03-28 10:56:53] INFO [main: CodeCraft-2019.py, 310] cross_path is ../config_11/cross.txt
[2019-03-28 10:56:53] INFO [main: CodeCraft-2019.py, 311] answer_path is ../config_11/answer.txt
[2019-03-28 11:00:39] INFO [main: CodeCraft-2019.py, 308] car_path is ../config_11/car.txt
[2019-03-28 11:00:39] INFO [main: CodeCraft-2019.py, 309] road_path is ../config_11/road.txt
[2019-03-28 11:00:39] INFO [main: CodeCraft-2019.py, 310] cross_path is ../config_11/cross.txt
[2019-03-28 11:00:39] INFO [main: CodeCraft-2019.py, 311] answer_path is ../config_11/answer.txt
[2019-03-28 11:01:08] INFO [main: CodeCraft-2019.py, 308] car_path is ../config_11/car.txt
[2019-03-28 11:01:08] INFO [main: CodeCraft-2019.py, 309] road_path is ../config_11/road.txt
[2019-03-28 11:01:08] INFO [main: CodeCraft-2019.py, 310] cross_path is ../config_11/cross.txt
[2019-03-28 11:01:08] INFO [main: CodeCraft-2019.py, 311] answer_path is ../config_11/answer.txt
[2019-03-28 11:06:53] INFO [main: CodeCraft-2019.py, 308] car_path is ../config_11/car.txt
[2019-03-28 11:06:53] INFO [main: CodeCraft-2019.py, 309] road_path is ../config_11/road.txt
[2019-03-28 11:06:53] INFO [main: CodeCraft-2019.py, 310] cross_path is ../config_11/cross.txt
[2019-03-28 11:06:53] INFO [main: CodeCraft-2019.py, 311] answer_path is ../config_11/answer.txt
[2019-03-28 13:45:49] INFO [main: CodeCraft-2019.py, 308] car_path is ../config_11/car.txt
[2019-03-28 13:45:49] INFO [main: CodeCraft-2019.py, 309] road_path is ../config_11/road.txt
[2019-03-28 13:45:49] INFO [main: CodeCraft-2019.py, 310] cross_path is ../config_11/cross.txt
[2019-03-28 13:45:49] INFO [main: CodeCraft-2019.py, 311] answer_path is ../config_11/answer.txt
[2019-03-28 13:46:21] INFO [main: CodeCraft-2019.py, 308] car_path is ../config_11/car.txt
[2019-03-28 13:46:21] INFO [main: CodeCraft-2019.py, 309] road_path is ../config_11/road.txt
[2019-03-28 13:46:21] INFO [main: CodeCraft-2019.py, 310] cross_path is ../config_11/cross.txt
[2019-03-28 13:46:21] INFO [main: CodeCraft-2019.py, 311] answer_path is ../config_11/answer.txt
[2019-03-28 13:54:00] INFO [main: CodeCraft-2019.py, 308] car_path is ../config_11/car.txt
[2019-03-28 13:54:00] INFO [main: CodeCraft-2019.py, 309] road_path is ../config_11/road.txt
[2019-03-28 13:54:00] INFO [main: CodeCraft-2019.py, 310] cross_path is ../config_11/cross.txt
[2019-03-28 13:54:00] INFO [main: CodeCraft-2019.py, 311] answer_path is ../config_11/answer.txt
[2019-03-28 13:55:00] INFO [main: CodeCraft-2019.py, 308] car_path is ../config_11/car.txt
[2019-03-28 13:55:00] INFO [main: CodeCraft-2019.py, 309] road_path is ../config_11/road.txt
[2019-03-28 13:55:00] INFO [main: CodeCraft-2019.py, 310] cross_path is ../config_11/cross.txt
[2019-03-28 13:55:00] INFO [main: CodeCraft-2019.py, 311] answer_path is ../config_11/answer.txt
[2019-03-28 14:00:35] INFO [main: CodeCraft-2019.py, 308] car_path is ../config_11/car.txt
[2019-03-28 14:00:35] INFO [main: CodeCraft-2019.py, 309] road_path is ../config_11/road.txt
[2019-03-28 14:00:35] INFO [main: CodeCraft-2019.py, 310] cross_path is ../config_11/cross.txt
[2019-03-28 14:00:35] INFO [main: CodeCraft-2019.py, 311] answer_path is ../config_11/answer.txt
[2019-03-28 14:01:33] INFO [main: CodeCraft-2019.py, 308] car_path is ../config_11/car.txt
[2019-03-28 14:01:33] INFO [main: CodeCraft-2019.py, 309] road_path is ../config_11/road.txt
[2019-03-28 14:01:33] INFO [main: CodeCraft-2019.py, 310] cross_path is ../config_11/cross.txt
[2019-03-28 14:01:33] INFO [main: CodeCraft-2019.py, 311] answer_path is ../config_11/answer.txt
[2019-03-28 14:02:17] INFO [main: CodeCraft-2019.py, 308] car_path is ../config_11/car.txt
[2019-03-28 14:02:17] INFO [main: CodeCraft-2019.py, 309] road_path is ../config_11/road.txt
[2019-03-28 14:02:17] INFO [main: CodeCraft-2019.py, 310] cross_path is ../config_11/cross.txt
[2019-03-28 14:02:17] INFO [main: CodeCraft-2019.py, 311] answer_path is ../config_11/answer.txt
[2019-03-28 14:03:01] INFO [main: CodeCraft-2019.py, 308] car_path is ../config_11/car.txt
[2019-03-28 14:03:01] INFO [main: CodeCraft-2019.py, 309] road_path is ../config_11/road.txt
[2019-03-28 14:03:01] INFO [main: CodeCraft-2019.py, 310] cross_path is ../config_11/cross.txt
[2019-03-28 14:03:01] INFO [main: CodeCraft-2019.py, 311] answer_path is ../config_11/answer.txt
[2019-03-28 14:04:14] INFO [main: CodeCraft-2019.py, 308] car_path is ../config_11/car.txt
[2019-03-28 14:04:14] INFO [main: CodeCraft-2019.py, 309] road_path is ../config_11/road.txt
[2019-03-28 14:04:14] INFO [main: CodeCraft-2019.py, 310] cross_path is ../config_11/cross.txt
[2019-03-28 14:04:14] INFO [main: CodeCraft-2019.py, 311] answer_path is ../config_11/answer.txt
[2019-03-28 14:04:53] INFO [main: CodeCraft-2019.py, 308] car_path is ../config_11/car.txt
[2019-03-28 14:04:53] INFO [main: CodeCraft-2019.py, 309] road_path is ../config_11/road.txt
[2019-03-28 14:04:53] INFO [main: CodeCraft-2019.py, 310] cross_path is ../config_11/cross.txt
[2019-03-28 14:04:53] INFO [main: CodeCraft-2019.py, 311] answer_path is ../config_11/answer.txt
[2019-03-28 14:18:39] INFO [main: CodeCraft-2019.py, 309] car_path is ../config_11/car.txt
[2019-03-28 14:18:39] INFO [main: CodeCraft-2019.py, 310] road_path is ../config_11/road.txt
[2019-03-28 14:18:39] INFO [main: CodeCraft-2019.py, 311] cross_path is ../config_11/cross.txt
[2019-03-28 14:18:39] INFO [main: CodeCraft-2019.py, 312] answer_path is ../config_11/answer.txt
[2019-03-28 14:19:15] INFO [main: CodeCraft-2019.py, 309] car_path is ../config_11/car.txt
[2019-03-28 14:19:15] INFO [main: CodeCraft-2019.py, 310] road_path is ../config_11/road.txt
[2019-03-28 14:19:15] INFO [main: CodeCraft-2019.py, 311] cross_path is ../config_11/cross.txt
[2019-03-28 14:19:15] INFO [main: CodeCraft-2019.py, 312] answer_path is ../config_11/answer.txt
[2019-03-28 14:20:11] INFO [main: CodeCraft-2019.py, 309] car_path is ../config_11/car.txt
[2019-03-28 14:20:11] INFO [main: CodeCraft-2019.py, 310] road_path is ../config_11/road.txt
[2019-03-28 14:20:11] INFO [main: CodeCraft-2019.py, 311] cross_path is ../config_11/cross.txt
[2019-03-28 14:20:11] INFO [main: CodeCraft-2019.py, 312] answer_path is ../config_11/answer.txt
[2019-03-28 14:21:24] INFO [main: CodeCraft-2019.py, 309] car_path is ../config_11/car.txt
[2019-03-28 14:21:24] INFO [main: CodeCraft-2019.py, 310] road_path is ../config_11/road.txt
[2019-03-28 14:21:24] INFO [main: CodeCraft-2019.py, 311] cross_path is ../config_11/cross.txt
[2019-03-28 14:21:24] INFO [main: CodeCraft-2019.py, 312] answer_path is ../config_11/answer.txt
[2019-03-28 14:22:46] INFO [main: CodeCraft-2019.py, 309] car_path is ../config_11/car.txt
[2019-03-28 14:22:46] INFO [main: CodeCraft-2019.py, 310] road_path is ../config_11/road.txt
[2019-03-28 14:22:46] INFO [main: CodeCraft-2019.py, 311] cross_path is ../config_11/cross.txt
[2019-03-28 14:22:46] INFO [main: CodeCraft-2019.py, 312] answer_path is ../config_11/answer.txt
[2019-03-28 14:24:20] INFO [main: CodeCraft-2019.py, 309] car_path is ../config_11/car.txt
[2019-03-28 14:24:20] INFO [main: CodeCraft-2019.py, 310] road_path is ../config_11/road.txt
[2019-03-28 14:24:20] INFO [main: CodeCraft-2019.py, 311] cross_path is ../config_11/cross.txt
[2019-03-28 14:24:20] INFO [main: CodeCraft-2019.py, 312] answer_path is ../config_11/answer.txt
[2019-03-28 14:25:53] INFO [main: CodeCraft-2019.py, 309] car_path is ../config_11/car.txt
[2019-03-28 14:25:53] INFO [main: CodeCraft-2019.py, 310] road_path is ../config_11/road.txt
[2019-03-28 14:25:53] INFO [main: CodeCraft-2019.py, 311] cross_path is ../config_11/cross.txt
[2019-03-28 14:25:53] INFO [main: CodeCraft-2019.py, 312] answer_path is ../config_11/answer.txt
[2019-03-28 17:45:14] INFO [main: CodeCraft-2019.py, 308] car_path is ../config_11/car.txt
[2019-03-28 17:45:14] INFO [main: CodeCraft-2019.py, 309] road_path is ../config_11/road.txt
[2019-03-28 17:45:14] INFO [main: CodeCraft-2019.py, 310] cross_path is ../config_11/cross.txt
[2019-03-28 17:45:14] INFO [main: CodeCraft-2019.py, 311] answer_path is ../config_11/answer.txt
[2019-03-28 17:47:02] INFO [main: CodeCraft-2019.py, 308] car_path is ../config_11/car.txt
[2019-03-28 17:47:02] INFO [main: CodeCraft-2019.py, 309] road_path is ../config_11/road.txt
[2019-03-28 17:47:02] INFO [main: CodeCraft-2019.py, 310] cross_path is ../config_11/cross.txt
[2019-03-28 17:47:02] INFO [main: CodeCraft-2019.py, 311] answer_path is ../config_11/answer.txt
[2019-03-28 17:47:37] INFO [main: CodeCraft-2019.py, 308] car_path is ../config_11/car.txt
[2019-03-28 17:47:37] INFO [main: CodeCraft-2019.py, 309] road_path is ../config_11/road.txt
[2019-03-28 17:47:37] INFO [main: CodeCraft-2019.py, 310] cross_path is ../config_11/cross.txt
[2019-03-28 17:47:37] INFO [main: CodeCraft-2019.py, 311] answer_path is ../config_11/answer.txt
[2019-03-28 17:50:15] INFO [main: CodeCraft-2019.py, 308] car_path is ../config_11/car.txt
[2019-03-28 17:50:15] INFO [main: CodeCraft-2019.py, 309] road_path is ../config_11/road.txt
[2019-03-28 17:50:15] INFO [main: CodeCraft-2019.py, 310] cross_path is ../config_11/cross.txt
[2019-03-28 17:50:15] INFO [main: CodeCraft-2019.py, 311] answer_path is ../config_11/answer.txt
[2019-03-28 17:52:46] INFO [main: CodeCraft-2019.py, 308] car_path is ../config_11/car.txt
[2019-03-28 17:52:46] INFO [main: CodeCraft-2019.py, 309] road_path is ../config_11/road.txt
[2019-03-28 17:52:46] INFO [main: CodeCraft-2019.py, 310] cross_path is ../config_11/cross.txt
[2019-03-28 17:52:46] INFO [main: CodeCraft-2019.py, 311] answer_path is ../config_11/answer.txt
[2019-03-28 17:55:48] INFO [main: CodeCraft-2019.py, 309] car_path is ../config_11/car.txt
[2019-03-28 17:55:48] INFO [main: CodeCraft-2019.py, 310] road_path is ../config_11/road.txt
[2019-03-28 17:55:48] INFO [main: CodeCraft-2019.py, 311] cross_path is ../config_11/cross.txt
[2019-03-28 17:55:48] INFO [main: CodeCraft-2019.py, 312] answer_path is ../config_11/answer.txt
[2019-03-28 17:56:00] INFO [main: CodeCraft-2019.py, 309] car_path is ../config_11/car.txt
[2019-03-28 17:56:00] INFO [main: CodeCraft-2019.py, 310] road_path is ../config_11/road.txt
[2019-03-28 17:56:00] INFO [main: CodeCraft-2019.py, 311] cross_path is ../config_11/cross.txt
[2019-03-28 17:56:00] INFO [main: CodeCraft-2019.py, 312] answer_path is ../config_11/answer.txt
[2019-03-28 18:00:51] INFO [main: CodeCraft-2019.py, 309] car_path is ../config_11/car.txt
[2019-03-28 18:00:51] INFO [main: CodeCraft-2019.py, 310] road_path is ../config_11/road.txt
[2019-03-28 18:00:51] INFO [main: CodeCraft-2019.py, 311] cross_path is ../config_11/cross.txt
[2019-03-28 18:00:51] INFO [main: CodeCraft-2019.py, 312] answer_path is ../config_11/answer.txt
[2019-03-28 18:01:18] INFO [main: CodeCraft-2019.py, 309] car_path is ../config_11/car.txt
[2019-03-28 18:01:18] INFO [main: CodeCraft-2019.py, 310] road_path is ../config_11/road.txt
[2019-03-28 18:01:18] INFO [main: CodeCraft-2019.py, 311] cross_path is ../config_11/cross.txt
[2019-03-28 18:01:18] INFO [main: CodeCraft-2019.py, 312] answer_path is ../config_11/answer.txt
[2019-03-28 18:04:08] INFO [main: CodeCraft-2019.py, 309] car_path is ../config_11/car.txt
[2019-03-28 18:04:08] INFO [main: CodeCraft-2019.py, 310] road_path is ../config_11/road.txt
[2019-03-28 18:04:08] INFO [main: CodeCraft-2019.py, 311] cross_path is ../config_11/cross.txt
[2019-03-28 18:04:08] INFO [main: CodeCraft-2019.py, 312] answer_path is ../config_11/answer.txt
[2019-03-28 18:05:49] INFO [main: CodeCraft-2019.py, 309] car_path is ../config_11/car.txt
[2019-03-28 18:05:49] INFO [main: CodeCraft-2019.py, 310] road_path is ../config_11/road.txt
[2019-03-28 18:05:49] INFO [main: CodeCraft-2019.py, 311] cross_path is ../config_11/cross.txt
[2019-03-28 18:05:49] INFO [main: CodeCraft-2019.py, 312] answer_path is ../config_11/answer.txt
[2019-03-28 18:06:11] INFO [main: CodeCraft-2019.py, 309] car_path is ../config_11/car.txt
[2019-03-28 18:06:11] INFO [main: CodeCraft-2019.py, 310] road_path is ../config_11/road.txt
[2019-03-28 18:06:11] INFO [main: CodeCraft-2019.py, 311] cross_path is ../config_11/cross.txt
[2019-03-28 18:06:11] INFO [main: CodeCraft-2019.py, 312] answer_path is ../config_11/answer.txt
[2019-03-28 18:16:22] INFO [main: CodeCraft-2019.py, 309] car_path is ../config_11/car.txt
[2019-03-28 18:16:22] INFO [main: CodeCraft-2019.py, 310] road_path is ../config_11/road.txt
[2019-03-28 18:16:22] INFO [main: CodeCraft-2019.py, 311] cross_path is ../config_11/cross.txt
[2019-03-28 18:16:22] INFO [main: CodeCraft-2019.py, 312] answer_path is ../config_11/answer.txt
[2019-03-28 18:17:48] INFO [main: CodeCraft-2019.py, 309] car_path is ../config_11/car.txt
[2019-03-28 18:17:48] INFO [main: CodeCraft-2019.py, 310] road_path is ../config_11/road.txt
[2019-03-28 18:17:48] INFO [main: CodeCraft-2019.py, 311] cross_path is ../config_11/cross.txt
[2019-03-28 18:17:48] INFO [main: CodeCraft-2019.py, 312] answer_path is ../config_11/answer.txt
[2019-03-28 18:42:53] INFO [main: CodeCraft-2019.py, 309] car_path is ../config_11/car.txt
[2019-03-28 18:42:53] INFO [main: CodeCraft-2019.py, 310] road_path is ../config_11/road.txt
[2019-03-28 18:42:53] INFO [main: CodeCraft-2019.py, 311] cross_path is ../config_11/cross.txt
[2019-03-28 18:42:53] INFO [main: CodeCraft-2019.py, 312] answer_path is ../config_11/answer.txt
[2019-03-28 19:03:09] INFO [main: CodeCraft-2019.py, 309] car_path is ../config_11/car.txt
[2019-03-28 19:03:09] INFO [main: CodeCraft-2019.py, 310] road_path is ../config_11/road.txt
[2019-03-28 19:03:09] INFO [main: CodeCraft-2019.py, 311] cross_path is ../config_11/cross.txt
[2019-03-28 19:03:09] INFO [main: CodeCraft-2019.py, 312] answer_path is ../config_11/answer.txt
[2019-03-28 19:07:21] INFO [main: CodeCraft-2019.py, 309] car_path is ../config_11/car.txt
[2019-03-28 19:07:21] INFO [main: CodeCraft-2019.py, 310] road_path is ../config_11/road.txt
[2019-03-28 19:07:21] INFO [main: CodeCraft-2019.py, 311] cross_path is ../config_11/cross.txt
[2019-03-28 19:07:21] INFO [main: CodeCraft-2019.py, 312] answer_path is ../config_11/answer.txt
[2019-03-28 19:09:38] INFO [main: CodeCraft-2019.py, 309] car_path is ../config_11/car.txt
[2019-03-28 19:09:38] INFO [main: CodeCraft-2019.py, 310] road_path is ../config_11/road.txt
[2019-03-28 19:09:38] INFO [main: CodeCraft-2019.py, 311] cross_path is ../config_11/cross.txt
[2019-03-28 19:09:38] INFO [main: CodeCraft-2019.py, 312] answer_path is ../config_11/answer.txt
[2019-03-28 19:14:40] INFO [main: CodeCraft-2019.py, 309] car_path is ../config_12/car.txt
[2019-03-28 19:14:40] INFO [main: CodeCraft-2019.py, 310] road_path is ../config_12/road.txt
[2019-03-28 19:14:40] INFO [main: CodeCraft-2019.py, 311] cross_path is ../config_12/cross.txt
[2019-03-28 19:14:40] INFO [main: CodeCraft-2019.py, 312] answer_path is ../config_12/answer.txt
[2019-03-28 19:48:41] INFO [main: CodeCraft-2019.py, 309] car_path is ../config_12/car.txt
[2019-03-28 19:48:41] INFO [main: CodeCraft-2019.py, 310] road_path is ../config_12/road.txt
[2019-03-28 19:48:41] INFO [main: CodeCraft-2019.py, 311] cross_path is ../config_12/cross.txt
[2019-03-28 19:48:41] INFO [main: CodeCraft-2019.py, 312] answer_path is ../config_12/answer.txt
[2019-03-28 19:49:22] INFO [main: CodeCraft-2019.py, 309] car_path is ../config_12/car.txt
[2019-03-28 19:49:22] INFO [main: CodeCraft-2019.py, 310] road_path is ../config_12/road.txt
[2019-03-28 19:49:22] INFO [main: CodeCraft-2019.py, 311] cross_path is ../config_12/cross.txt
[2019-03-28 19:49:22] INFO [main: CodeCraft-2019.py, 312] answer_path is ../config_12/answer.txt
[2019-03-28 19:51:29] INFO [main: CodeCraft-2019.py, 309] car_path is ../config_12/car.txt
[2019-03-28 19:51:29] INFO [main: CodeCraft-2019.py, 310] road_path is ../config_12/road.txt
[2019-03-28 19:51:29] INFO [main: CodeCraft-2019.py, 311] cross_path is ../config_12/cross.txt
[2019-03-28 19:51:29] INFO [main: CodeCraft-2019.py, 312] answer_path is ../config_12/answer.txt
[2019-03-28 19:52:12] INFO [main: CodeCraft-2019.py, 309] car_path is ../config_12/car.txt
[2019-03-28 19:52:12] INFO [main: CodeCraft-2019.py, 310] road_path is ../config_12/road.txt
[2019-03-28 19:52:12] INFO [main: CodeCraft-2019.py, 311] cross_path is ../config_12/cross.txt
[2019-03-28 19:52:12] INFO [main: CodeCraft-2019.py, 312] answer_path is ../config_12/answer.txt
[2019-03-28 19:52:43] INFO [main: CodeCraft-2019.py, 309] car_path is ../config_12/car.txt
[2019-03-28 19:52:43] INFO [main: CodeCraft-2019.py, 310] road_path is ../config_12/road.txt
[2019-03-28 19:52:43] INFO [main: CodeCraft-2019.py, 311] cross_path is ../config_12/cross.txt
[2019-03-28 19:52:43] INFO [main: CodeCraft-2019.py, 312] answer_path is ../config_12/answer.txt
[2019-03-28 19:53:56] INFO [main: CodeCraft-2019.py, 309] car_path is ../config_12/car.txt
[2019-03-28 19:53:56] INFO [main: CodeCraft-2019.py, 310] road_path is ../config_12/road.txt
[2019-03-28 19:53:56] INFO [main: CodeCraft-2019.py, 311] cross_path is ../config_12/cross.txt
[2019-03-28 19:53:56] INFO [main: CodeCraft-2019.py, 312] answer_path is ../config_12/answer.txt
[2019-03-28 19:57:11] INFO [main: CodeCraft-2019.py, 309] car_path is ../config_12/car.txt
[2019-03-28 19:57:11] INFO [main: CodeCraft-2019.py, 310] road_path is ../config_12/road.txt
[2019-03-28 19:57:11] INFO [main: CodeCraft-2019.py, 311] cross_path is ../config_12/cross.txt
[2019-03-28 19:57:11] INFO [main: CodeCraft-2019.py, 312] answer_path is ../config_12/answer.txt
[2019-03-28 19:58:06] INFO [main: CodeCraft-2019.py, 310] car_path is ../config_12/car.txt
[2019-03-28 19:58:06] INFO [main: CodeCraft-2019.py, 311] road_path is ../config_12/road.txt
[2019-03-28 19:58:06] INFO [main: CodeCraft-2019.py, 312] cross_path is ../config_12/cross.txt
[2019-03-28 19:58:06] INFO [main: CodeCraft-2019.py, 313] answer_path is ../config_12/answer.txt
[2019-03-28 19:59:28] INFO [main: CodeCraft-2019.py, 310] car_path is ../config_12/car.txt
[2019-03-28 19:59:28] INFO [main: CodeCraft-2019.py, 311] road_path is ../config_12/road.txt
[2019-03-28 19:59:28] INFO [main: CodeCraft-2019.py, 312] cross_path is ../config_12/cross.txt
[2019-03-28 19:59:28] INFO [main: CodeCraft-2019.py, 313] answer_path is ../config_12/answer.txt
[2019-03-28 20:00:17] INFO [main: CodeCraft-2019.py, 310] car_path is ../config_12/car.txt
[2019-03-28 20:00:17] INFO [main: CodeCraft-2019.py, 311] road_path is ../config_12/road.txt
[2019-03-28 20:00:17] INFO [main: CodeCraft-2019.py, 312] cross_path is ../config_12/cross.txt
[2019-03-28 20:00:17] INFO [main: CodeCraft-2019.py, 313] answer_path is ../config_12/answer.txt
[2019-03-28 20:02:01] INFO [main: CodeCraft-2019.py, 310] car_path is ../config_12/car.txt
[2019-03-28 20:02:01] INFO [main: CodeCraft-2019.py, 311] road_path is ../config_12/road.txt
[2019-03-28 20:02:01] INFO [main: CodeCraft-2019.py, 312] cross_path is ../config_12/cross.txt
[2019-03-28 20:02:01] INFO [main: CodeCraft-2019.py, 313] answer_path is ../config_12/answer.txt
[2019-03-28 20:03:52] INFO [main: CodeCraft-2019.py, 310] car_path is ../config_12/car.txt
[2019-03-28 20:03:52] INFO [main: CodeCraft-2019.py, 311] road_path is ../config_12/road.txt
[2019-03-28 20:03:52] INFO [main: CodeCraft-2019.py, 312] cross_path is ../config_12/cross.txt
[2019-03-28 20:03:52] INFO [main: CodeCraft-2019.py, 313] answer_path is ../config_12/answer.txt
[2019-03-28 20:04:59] INFO [main: CodeCraft-2019.py, 310] car_path is ../config_12/car.txt
[2019-03-28 20:04:59] INFO [main: CodeCraft-2019.py, 311] road_path is ../config_12/road.txt
[2019-03-28 20:04:59] INFO [main: CodeCraft-2019.py, 312] cross_path is ../config_12/cross.txt
[2019-03-28 20:04:59] INFO [main: CodeCraft-2019.py, 313] answer_path is ../config_12/answer.txt
[2019-03-28 20:05:59] INFO [main: CodeCraft-2019.py, 310] car_path is ../config_12/car.txt
[2019-03-28 20:05:59] INFO [main: CodeCraft-2019.py, 311] road_path is ../config_12/road.txt
[2019-03-28 20:05:59] INFO [main: CodeCraft-2019.py, 312] cross_path is ../config_12/cross.txt
[2019-03-28 20:05:59] INFO [main: CodeCraft-2019.py, 313] answer_path is ../config_12/answer.txt
[2019-03-28 20:07:46] INFO [main: CodeCraft-2019.py, 310] car_path is ../config_11/car.txt
[2019-03-28 20:07:46] INFO [main: CodeCraft-2019.py, 311] road_path is ../config_11/road.txt
[2019-03-28 20:07:46] INFO [main: CodeCraft-2019.py, 312] cross_path is ../config_11/cross.txt
[2019-03-28 20:07:46] INFO [main: CodeCraft-2019.py, 313] answer_path is ../config_11/answer.txt
[2019-03-28 20:08:52] INFO [main: CodeCraft-2019.py, 310] car_path is ../config_11/car.txt
[2019-03-28 20:08:52] INFO [main: CodeCraft-2019.py, 311] road_path is ../config_11/road.txt
[2019-03-28 20:08:52] INFO [main: CodeCraft-2019.py, 312] cross_path is ../config_11/cross.txt
[2019-03-28 20:08:52] INFO [main: CodeCraft-2019.py, 313] answer_path is ../config_11/answer.txt
[2019-03-28 20:10:13] INFO [main: CodeCraft-2019.py, 310] car_path is ../config_11/car.txt
[2019-03-28 20:10:13] INFO [main: CodeCraft-2019.py, 311] road_path is ../config_11/road.txt
[2019-03-28 20:10:13] INFO [main: CodeCraft-2019.py, 312] cross_path is ../config_11/cross.txt
[2019-03-28 20:10:13] INFO [main: CodeCraft-2019.py, 313] answer_path is ../config_11/answer.txt
[2019-03-28 20:10:32] INFO [main: CodeCraft-2019.py, 310] car_path is ../config_11/car.txt
[2019-03-28 20:10:32] INFO [main: CodeCraft-2019.py, 311] road_path is ../config_11/road.txt
[2019-03-28 20:10:32] INFO [main: CodeCraft-2019.py, 312] cross_path is ../config_11/cross.txt
[2019-03-28 20:10:32] INFO [main: CodeCraft-2019.py, 313] answer_path is ../config_11/answer.txt
[2019-03-28 20:11:40] INFO [main: CodeCraft-2019.py, 310] car_path is ../config_11/car.txt
[2019-03-28 20:11:40] INFO [main: CodeCraft-2019.py, 311] road_path is ../config_11/road.txt
[2019-03-28 20:11:40] INFO [main: CodeCraft-2019.py, 312] cross_path is ../config_11/cross.txt
[2019-03-28 20:11:40] INFO [main: CodeCraft-2019.py, 313] answer_path is ../config_11/answer.txt
[2019-03-28 20:12:03] INFO [main: CodeCraft-2019.py, 310] car_path is ../config_11/car.txt
[2019-03-28 20:12:03] INFO [main: CodeCraft-2019.py, 311] road_path is ../config_11/road.txt
[2019-03-28 20:12:03] INFO [main: CodeCraft-2019.py, 312] cross_path is ../config_11/cross.txt
[2019-03-28 20:12:03] INFO [main: CodeCraft-2019.py, 313] answer_path is ../config_11/answer.txt
[2019-03-28 20:13:51] INFO [main: CodeCraft-2019.py, 310] car_path is ../config_11/car.txt
[2019-03-28 20:13:51] INFO [main: CodeCraft-2019.py, 311] road_path is ../config_11/road.txt
[2019-03-28 20:13:51] INFO [main: CodeCraft-2019.py, 312] cross_path is ../config_11/cross.txt
[2019-03-28 20:13:51] INFO [main: CodeCraft-2019.py, 313] answer_path is ../config_11/answer.txt
[2019-03-28 20:14:25] INFO [main: CodeCraft-2019.py, 310] car_path is ../config_11/car.txt
[2019-03-28 20:14:25] INFO [main: CodeCraft-2019.py, 311] road_path is ../config_11/road.txt
[2019-03-28 20:14:25] INFO [main: CodeCraft-2019.py, 312] cross_path is ../config_11/cross.txt
[2019-03-28 20:14:25] INFO [main: CodeCraft-2019.py, 313] answer_path is ../config_11/answer.txt
[2019-03-28 20:14:46] INFO [main: CodeCraft-2019.py, 310] car_path is ../config_11/car.txt
[2019-03-28 20:14:46] INFO [main: CodeCraft-2019.py, 311] road_path is ../config_11/road.txt
[2019-03-28 20:14:46] INFO [main: CodeCraft-2019.py, 312] cross_path is ../config_11/cross.txt
[2019-03-28 20:14:46] INFO [main: CodeCraft-2019.py, 313] answer_path is ../config_11/answer.txt
[2019-03-28 20:24:19] INFO [main: CodeCraft-2019.py, 310] car_path is ../config_11/car.txt
[2019-03-28 20:24:19] INFO [main: CodeCraft-2019.py, 311] road_path is ../config_11/road.txt
[2019-03-28 20:24:19] INFO [main: CodeCraft-2019.py, 312] cross_path is ../config_11/cross.txt
[2019-03-28 20:24:19] INFO [main: CodeCraft-2019.py, 313] answer_path is ../config_11/answer.txt
[2019-03-29 10:11:18] INFO [main: CodeCraft-2019.py, 319] car_path is ../config_11/car.txt
[2019-03-29 10:11:18] INFO [main: CodeCraft-2019.py, 320] road_path is ../config_11/road.txt
[2019-03-29 10:11:18] INFO [main: CodeCraft-2019.py, 321] cross_path is ../config_11/cross.txt
[2019-03-29 10:11:18] INFO [main: CodeCraft-2019.py, 322] answer_path is ../config_11/answer.txt
[2019-03-29 10:13:03] INFO [main: CodeCraft-2019.py, 319] car_path is ../config_11/car.txt
[2019-03-29 10:13:03] INFO [main: CodeCraft-2019.py, 320] road_path is ../config_11/road.txt
[2019-03-29 10:13:03] INFO [main: CodeCraft-2019.py, 321] cross_path is ../config_11/cross.txt
[2019-03-29 10:13:03] INFO [main: CodeCraft-2019.py, 322] answer_path is ../config_11/answer.txt
[2019-03-29 10:22:53] INFO [main: CodeCraft-2019.py, 319] car_path is ../config_11/car.txt
[2019-03-29 10:22:53] INFO [main: CodeCraft-2019.py, 320] road_path is ../config_11/road.txt
[2019-03-29 10:22:53] INFO [main: CodeCraft-2019.py, 321] cross_path is ../config_11/cross.txt
[2019-03-29 10:22:53] INFO [main: CodeCraft-2019.py, 322] answer_path is ../config_11/answer.txt
[2019-03-29 10:24:39] INFO [main: CodeCraft-2019.py, 317] car_path is ../config_11/car.txt
[2019-03-29 10:24:39] INFO [main: CodeCraft-2019.py, 318] road_path is ../config_11/road.txt
[2019-03-29 10:24:39] INFO [main: CodeCraft-2019.py, 319] cross_path is ../config_11/cross.txt
[2019-03-29 10:24:39] INFO [main: CodeCraft-2019.py, 320] answer_path is ../config_11/answer.txt
[2019-03-29 10:25:40] INFO [main: CodeCraft-2019.py, 317] car_path is ../config_11/car.txt
[2019-03-29 10:25:40] INFO [main: CodeCraft-2019.py, 318] road_path is ../config_11/road.txt
[2019-03-29 10:25:40] INFO [main: CodeCraft-2019.py, 319] cross_path is ../config_11/cross.txt
[2019-03-29 10:25:40] INFO [main: CodeCraft-2019.py, 320] answer_path is ../config_11/answer.txt
[2019-03-29 10:26:06] INFO [main: CodeCraft-2019.py, 317] car_path is ../config_11/car.txt
[2019-03-29 10:26:06] INFO [main: CodeCraft-2019.py, 318] road_path is ../config_11/road.txt
[2019-03-29 10:26:06] INFO [main: CodeCraft-2019.py, 319] cross_path is ../config_11/cross.txt
[2019-03-29 10:26:06] INFO [main: CodeCraft-2019.py, 320] answer_path is ../config_11/answer.txt
[2019-03-29 10:28:32] INFO [main: CodeCraft-2019.py, 319] car_path is ../config_11/car.txt
[2019-03-29 10:28:32] INFO [main: CodeCraft-2019.py, 320] road_path is ../config_11/road.txt
[2019-03-29 10:28:32] INFO [main: CodeCraft-2019.py, 321] cross_path is ../config_11/cross.txt
[2019-03-29 10:28:32] INFO [main: CodeCraft-2019.py, 322] answer_path is ../config_11/answer.txt
[2019-03-29 10:29:06] INFO [main: CodeCraft-2019.py, 319] car_path is ../config_11/car.txt
[2019-03-29 10:29:06] INFO [main: CodeCraft-2019.py, 320] road_path is ../config_11/road.txt
[2019-03-29 10:29:06] INFO [main: CodeCraft-2019.py, 321] cross_path is ../config_11/cross.txt
[2019-03-29 10:29:06] INFO [main: CodeCraft-2019.py, 322] answer_path is ../config_11/answer.txt
[2019-03-29 10:35:06] INFO [main: CodeCraft-2019.py, 319] car_path is ../config_11/car.txt
[2019-03-29 10:35:06] INFO [main: CodeCraft-2019.py, 320] road_path is ../config_11/road.txt
[2019-03-29 10:35:06] INFO [main: CodeCraft-2019.py, 321] cross_path is ../config_11/cross.txt
[2019-03-29 10:35:06] INFO [main: CodeCraft-2019.py, 322] answer_path is ../config_11/answer.txt
[2019-03-29 10:39:36] INFO [main: CodeCraft-2019_1.py, 321] car_path is ../config_11/car.txt
[2019-03-29 10:39:36] INFO [main: CodeCraft-2019_1.py, 322] road_path is ../config_11/road.txt
[2019-03-29 10:39:36] INFO [main: CodeCraft-2019_1.py, 323] cross_path is ../config_11/cross.txt
[2019-03-29 10:39:36] INFO [main: CodeCraft-2019_1.py, 324] answer_path is ../config_11/answer.txt
[2019-03-29 10:42:46] INFO [main: CodeCraft-2019_1.py, 321] car_path is ../config_11/car.txt
[2019-03-29 10:42:46] INFO [main: CodeCraft-2019_1.py, 322] road_path is ../config_11/road.txt
[2019-03-29 10:42:46] INFO [main: CodeCraft-2019_1.py, 323] cross_path is ../config_11/cross.txt
[2019-03-29 10:42:46] INFO [main: CodeCraft-2019_1.py, 324] answer_path is ../config_11/answer.txt
[2019-03-29 10:43:12] INFO [main: CodeCraft-2019_1.py, 321] car_path is ../config_11/car.txt
[2019-03-29 10:43:12] INFO [main: CodeCraft-2019_1.py, 322] road_path is ../config_11/road.txt
[2019-03-29 10:43:12] INFO [main: CodeCraft-2019_1.py, 323] cross_path is ../config_11/cross.txt
[2019-03-29 10:43:12] INFO [main: CodeCraft-2019_1.py, 324] answer_path is ../config_11/answer.txt
[2019-03-29 10:43:52] INFO [main: CodeCraft-2019_1.py, 321] car_path is ../config_11/car.txt
[2019-03-29 10:43:52] INFO [main: CodeCraft-2019_1.py, 322] road_path is ../config_11/road.txt
[2019-03-29 10:43:52] INFO [main: CodeCraft-2019_1.py, 323] cross_path is ../config_11/cross.txt
[2019-03-29 10:43:52] INFO [main: CodeCraft-2019_1.py, 324] answer_path is ../config_11/answer.txt
[2019-03-29 10:45:19] INFO [main: CodeCraft-2019_1.py, 321] car_path is ../config_11/car.txt
[2019-03-29 10:45:19] INFO [main: CodeCraft-2019_1.py, 322] road_path is ../config_11/road.txt
[2019-03-29 10:45:19] INFO [main: CodeCraft-2019_1.py, 323] cross_path is ../config_11/cross.txt
[2019-03-29 10:45:19] INFO [main: CodeCraft-2019_1.py, 324] answer_path is ../config_11/answer.txt
[2019-03-29 10:46:16] INFO [main: CodeCraft-2019_1.py, 321] car_path is ../config_11/car.txt
[2019-03-29 10:46:16] INFO [main: CodeCraft-2019_1.py, 322] road_path is ../config_11/road.txt
[2019-03-29 10:46:16] INFO [main: CodeCraft-2019_1.py, 323] cross_path is ../config_11/cross.txt
[2019-03-29 10:46:16] INFO [main: CodeCraft-2019_1.py, 324] answer_path is ../config_11/answer.txt
[2019-03-29 11:07:58] INFO [main: CodeCraft-2019_1.py, 321] car_path is ../config_11/car.txt
[2019-03-29 11:07:58] INFO [main: CodeCraft-2019_1.py, 322] road_path is ../config_11/road.txt
[2019-03-29 11:07:58] INFO [main: CodeCraft-2019_1.py, 323] cross_path is ../config_11/cross.txt
[2019-03-29 11:07:58] INFO [main: CodeCraft-2019_1.py, 324] answer_path is ../config_11/answer.txt
[2019-03-29 11:09:19] INFO [main: CodeCraft-2019_1.py, 321] car_path is ../config_11/car.txt
[2019-03-29 11:09:19] INFO [main: CodeCraft-2019_1.py, 322] road_path is ../config_11/road.txt
[2019-03-29 11:09:19] INFO [main: CodeCraft-2019_1.py, 323] cross_path is ../config_11/cross.txt
[2019-03-29 11:09:19] INFO [main: CodeCraft-2019_1.py, 324] answer_path is ../config_11/answer.txt
[2019-03-29 11:30:26] INFO [main: CodeCraft-2019_1.py, 321] car_path is ../config_11/car.txt
[2019-03-29 11:30:26] INFO [main: CodeCraft-2019_1.py, 322] road_path is ../config_11/road.txt
[2019-03-29 11:30:26] INFO [main: CodeCraft-2019_1.py, 323] cross_path is ../config_11/cross.txt
[2019-03-29 11:30:26] INFO [main: CodeCraft-2019_1.py, 324] answer_path is ../config_11/answer.txt
[2019-03-29 18:07:00] INFO [main: CodeCraft-2019_1.py, 321] car_path is ../config_11/car.txt
[2019-03-29 18:07:00] INFO [main: CodeCraft-2019_1.py, 322] road_path is ../config_11/road.txt
[2019-03-29 18:07:00] INFO [main: CodeCraft-2019_1.py, 323] cross_path is ../config_11/cross.txt
[2019-03-29 18:07:00] INFO [main: CodeCraft-2019_1.py, 324] answer_path is ../config_11/answer.txt
[2019-03-29 18:11:29] INFO [main: CodeCraft-2019_1.py, 321] car_path is ../config_11/car.txt
[2019-03-29 18:11:29] INFO [main: CodeCraft-2019_1.py, 322] road_path is ../config_11/road.txt
[2019-03-29 18:11:29] INFO [main: CodeCraft-2019_1.py, 323] cross_path is ../config_11/cross.txt
[2019-03-29 18:11:29] INFO [main: CodeCraft-2019_1.py, 324] answer_path is ../config_11/answer.txt
[2019-03-29 18:23:39] INFO [main: CodeCraft-2019_1.py, 322] car_path is ../config_11/car.txt
[2019-03-29 18:23:39] INFO [main: CodeCraft-2019_1.py, 323] road_path is ../config_11/road.txt
[2019-03-29 18:23:39] INFO [main: CodeCraft-2019_1.py, 324] cross_path is ../config_11/cross.txt
[2019-03-29 18:23:39] INFO [main: CodeCraft-2019_1.py, 325] answer_path is ../config_11/answer.txt
[2019-03-29 18:31:04] INFO [main: CodeCraft-2019_1.py, 322] car_path is ../config_11/car.txt
[2019-03-29 18:31:04] INFO [main: CodeCraft-2019_1.py, 323] road_path is ../config_11/road.txt
[2019-03-29 18:31:04] INFO [main: CodeCraft-2019_1.py, 324] cross_path is ../config_11/cross.txt
[2019-03-29 18:31:04] INFO [main: CodeCraft-2019_1.py, 325] answer_path is ../config_11/answer.txt
[2019-03-29 18:33:01] INFO [main: CodeCraft-2019_1.py, 322] car_path is ../config_11/car.txt
[2019-03-29 18:33:01] INFO [main: CodeCraft-2019_1.py, 323] road_path is ../config_11/road.txt
[2019-03-29 18:33:01] INFO [main: CodeCraft-2019_1.py, 324] cross_path is ../config_11/cross.txt
[2019-03-29 18:33:01] INFO [main: CodeCraft-2019_1.py, 325] answer_path is ../config_11/answer.txt
[2019-03-29 18:33:45] INFO [main: CodeCraft-2019_1.py, 322] car_path is ../config_11/car.txt
[2019-03-29 18:33:45] INFO [main: CodeCraft-2019_1.py, 323] road_path is ../config_11/road.txt
[2019-03-29 18:33:45] INFO [main: CodeCraft-2019_1.py, 324] cross_path is ../config_11/cross.txt
[2019-03-29 18:33:45] INFO [main: CodeCraft-2019_1.py, 325] answer_path is ../config_11/answer.txt
[2019-03-29 18:34:02] INFO [main: CodeCraft-2019_1.py, 322] car_path is ../config_11/car.txt
[2019-03-29 18:34:02] INFO [main: CodeCraft-2019_1.py, 323] road_path is ../config_11/road.txt
[2019-03-29 18:34:02] INFO [main: CodeCraft-2019_1.py, 324] cross_path is ../config_11/cross.txt
[2019-03-29 18:34:02] INFO [main: CodeCraft-2019_1.py, 325] answer_path is ../config_11/answer.txt
[2019-03-29 18:35:03] INFO [main: CodeCraft-2019_1.py, 322] car_path is ../config_11/car.txt
[2019-03-29 18:35:03] INFO [main: CodeCraft-2019_1.py, 323] road_path is ../config_11/road.txt
[2019-03-29 18:35:03] INFO [main: CodeCraft-2019_1.py, 324] cross_path is ../config_11/cross.txt
[2019-03-29 18:35:03] INFO [main: CodeCraft-2019_1.py, 325] answer_path is ../config_11/answer.txt
[2019-03-29 18:36:33] INFO [main: CodeCraft-2019_1.py, 322] car_path is ../config_11/car.txt
[2019-03-29 18:36:33] INFO [main: CodeCraft-2019_1.py, 323] road_path is ../config_11/road.txt
[2019-03-29 18:36:33] INFO [main: CodeCraft-2019_1.py, 324] cross_path is ../config_11/cross.txt
[2019-03-29 18:36:33] INFO [main: CodeCraft-2019_1.py, 325] answer_path is ../config_11/answer.txt
[2019-03-29 18:37:44] INFO [main: CodeCraft-2019_1.py, 322] car_path is ../config_11/car.txt
[2019-03-29 18:37:44] INFO [main: CodeCraft-2019_1.py, 323] road_path is ../config_11/road.txt
[2019-03-29 18:37:44] INFO [main: CodeCraft-2019_1.py, 324] cross_path is ../config_11/cross.txt
[2019-03-29 18:37:44] INFO [main: CodeCraft-2019_1.py, 325] answer_path is ../config_11/answer.txt
[2019-03-29 18:39:24] INFO [main: CodeCraft-2019_1.py, 322] car_path is ../config_11/car.txt
[2019-03-29 18:39:24] INFO [main: CodeCraft-2019_1.py, 323] road_path is ../config_11/road.txt
[2019-03-29 18:39:24] INFO [main: CodeCraft-2019_1.py, 324] cross_path is ../config_11/cross.txt
[2019-03-29 18:39:24] INFO [main: CodeCraft-2019_1.py, 325] answer_path is ../config_11/answer.txt
[2019-03-29 18:40:26] INFO [main: CodeCraft-2019_1.py, 322] car_path is ../config_11/car.txt
[2019-03-29 18:40:26] INFO [main: CodeCraft-2019_1.py, 323] road_path is ../config_11/road.txt
[2019-03-29 18:40:26] INFO [main: CodeCraft-2019_1.py, 324] cross_path is ../config_11/cross.txt
[2019-03-29 18:40:26] INFO [main: CodeCraft-2019_1.py, 325] answer_path is ../config_11/answer.txt
[2019-03-29 19:15:48] INFO [main: CodeCraft-2019.py, 322] car_path is ../config_11/car.txt
[2019-03-29 19:15:48] INFO [main: CodeCraft-2019.py, 323] road_path is ../config_11/road.txt
[2019-03-29 19:15:48] INFO [main: CodeCraft-2019.py, 324] cross_path is ../config_11/cross.txt
[2019-03-29 19:15:48] INFO [main: CodeCraft-2019.py, 325] answer_path is ../config_11/answer.txt
[2019-03-29 19:17:00] INFO [main: CodeCraft-2019.py, 322] car_path is ../config_11/car.txt
[2019-03-29 19:17:00] INFO [main: CodeCraft-2019.py, 323] road_path is ../config_11/road.txt
[2019-03-29 19:17:00] INFO [main: CodeCraft-2019.py, 324] cross_path is ../config_11/cross.txt
[2019-03-29 19:17:00] INFO [main: CodeCraft-2019.py, 325] answer_path is ../config_11/answer.txt
[2019-03-29 19:25:29] INFO [main: CodeCraft-2019.py, 322] car_path is ../config_12/car.txt
[2019-03-29 19:25:29] INFO [main: CodeCraft-2019.py, 323] road_path is ../config_12/road.txt
[2019-03-29 19:25:29] INFO [main: CodeCraft-2019.py, 324] cross_path is ../config_12/cross.txt
[2019-03-29 19:25:29] INFO [main: CodeCraft-2019.py, 325] answer_path is ../config_12/answer.txt
[2019-03-29 19:28:37] INFO [main: CodeCraft-2019.py, 322] car_path is ../config_12/car.txt
[2019-03-29 19:28:37] INFO [main: CodeCraft-2019.py, 323] road_path is ../config_12/road.txt
[2019-03-29 19:28:37] INFO [main: CodeCraft-2019.py, 324] cross_path is ../config_12/cross.txt
[2019-03-29 19:28:37] INFO [main: CodeCraft-2019.py, 325] answer_path is ../config_12/answer.txt
[2019-03-29 19:33:08] INFO [main: CodeCraft-2019.py, 322] car_path is ../config_12/car.txt
[2019-03-29 19:33:08] INFO [main: CodeCraft-2019.py, 323] road_path is ../config_12/road.txt
[2019-03-29 19:33:08] INFO [main: CodeCraft-2019.py, 324] cross_path is ../config_12/cross.txt
[2019-03-29 19:33:08] INFO [main: CodeCraft-2019.py, 325] answer_path is ../config_12/answer.txt
[2019-03-29 19:33:57] INFO [main: CodeCraft-2019.py, 322] car_path is ../config_12/car.txt
[2019-03-29 19:33:57] INFO [main: CodeCraft-2019.py, 323] road_path is ../config_12/road.txt
[2019-03-29 19:33:57] INFO [main: CodeCraft-2019.py, 324] cross_path is ../config_12/cross.txt
[2019-03-29 19:33:57] INFO [main: CodeCraft-2019.py, 325] answer_path is ../config_12/answer.txt
[2019-03-29 19:34:32] INFO [main: CodeCraft-2019.py, 322] car_path is ../config_12/car.txt
[2019-03-29 19:34:32] INFO [main: CodeCraft-2019.py, 323] road_path is ../config_12/road.txt
[2019-03-29 19:34:32] INFO [main: CodeCraft-2019.py, 324] cross_path is ../config_12/cross.txt
[2019-03-29 19:34:32] INFO [main: CodeCraft-2019.py, 325] answer_path is ../config_12/answer.txt
[2019-03-29 19:35:31] INFO [main: CodeCraft-2019.py, 322] car_path is ../config_12/car.txt
[2019-03-29 19:35:31] INFO [main: CodeCraft-2019.py, 323] road_path is ../config_12/road.txt
[2019-03-29 19:35:31] INFO [main: CodeCraft-2019.py, 324] cross_path is ../config_12/cross.txt
[2019-03-29 19:35:31] INFO [main: CodeCraft-2019.py, 325] answer_path is ../config_12/answer.txt
[2019-03-29 19:36:27] INFO [main: CodeCraft-2019.py, 322] car_path is ../config_11/car.txt
[2019-03-29 19:36:27] INFO [main: CodeCraft-2019.py, 323] road_path is ../config_11/road.txt
[2019-03-29 19:36:27] INFO [main: CodeCraft-2019.py, 324] cross_path is ../config_11/cross.txt
[2019-03-29 19:36:27] INFO [main: CodeCraft-2019.py, 325] answer_path is ../config_11/answer.txt
[2019-03-29 19:46:45] INFO [main: CodeCraft-2019.py, 322] car_path is ../config_11/car.txt
[2019-03-29 19:46:45] INFO [main: CodeCraft-2019.py, 323] road_path is ../config_11/road.txt
[2019-03-29 19:46:45] INFO [main: CodeCraft-2019.py, 324] cross_path is ../config_11/cross.txt
[2019-03-29 19:46:45] INFO [main: CodeCraft-2019.py, 325] answer_path is ../config_11/answer.txt
[2019-03-29 19:48:01] INFO [main: CodeCraft-2019.py, 322] car_path is ../config_11/car.txt
[2019-03-29 19:48:01] INFO [main: CodeCraft-2019.py, 323] road_path is ../config_11/road.txt
[2019-03-29 19:48:01] INFO [main: CodeCraft-2019.py, 324] cross_path is ../config_11/cross.txt
[2019-03-29 19:48:01] INFO [main: CodeCraft-2019.py, 325] answer_path is ../config_11/answer.txt
[2019-03-29 19:48:44] INFO [main: CodeCraft-2019.py, 322] car_path is ../config_11/car.txt
[2019-03-29 19:48:44] INFO [main: CodeCraft-2019.py, 323] road_path is ../config_11/road.txt
[2019-03-29 19:48:44] INFO [main: CodeCraft-2019.py, 324] cross_path is ../config_11/cross.txt
[2019-03-29 19:48:44] INFO [main: CodeCraft-2019.py, 325] answer_path is ../config_11/answer.txt
[2019-03-29 19:48:51] INFO [main: CodeCraft-2019.py, 322] car_path is ../config_11/car.txt
[2019-03-29 19:48:51] INFO [main: CodeCraft-2019.py, 323] road_path is ../config_11/road.txt
[2019-03-29 19:48:51] INFO [main: CodeCraft-2019.py, 324] cross_path is ../config_11/cross.txt
[2019-03-29 19:48:51] INFO [main: CodeCraft-2019.py, 325] answer_path is ../config_11/answer.txt
[2019-03-29 19:51:58] INFO [main: CodeCraft-2019.py, 322] car_path is ../config_11/car.txt
[2019-03-29 19:51:58] INFO [main: CodeCraft-2019.py, 323] road_path is ../config_11/road.txt
[2019-03-29 19:51:58] INFO [main: CodeCraft-2019.py, 324] cross_path is ../config_11/cross.txt
[2019-03-29 19:51:58] INFO [main: CodeCraft-2019.py, 325] answer_path is ../config_11/answer.txt
[2019-03-29 19:52:52] INFO [main: CodeCraft-2019.py, 322] car_path is ../config_11/car.txt
[2019-03-29 19:52:52] INFO [main: CodeCraft-2019.py, 323] road_path is ../config_11/road.txt
[2019-03-29 19:52:52] INFO [main: CodeCraft-2019.py, 324] cross_path is ../config_11/cross.txt
[2019-03-29 19:52:52] INFO [main: CodeCraft-2019.py, 325] answer_path is ../config_11/answer.txt
[2019-03-29 19:53:47] INFO [main: CodeCraft-2019.py, 322] car_path is ../config_11/car.txt
[2019-03-29 19:53:47] INFO [main: CodeCraft-2019.py, 323] road_path is ../config_11/road.txt
[2019-03-29 19:53:47] INFO [main: CodeCraft-2019.py, 324] cross_path is ../config_11/cross.txt
[2019-03-29 19:53:47] INFO [main: CodeCraft-2019.py, 325] answer_path is ../config_11/answer.txt
[2019-03-29 19:55:09] INFO [main: CodeCraft-2019.py, 322] car_path is ../config_11/car.txt
[2019-03-29 19:55:09] INFO [main: CodeCraft-2019.py, 323] road_path is ../config_11/road.txt
[2019-03-29 19:55:09] INFO [main: CodeCraft-2019.py, 324] cross_path is ../config_11/cross.txt
[2019-03-29 19:55:09] INFO [main: CodeCraft-2019.py, 325] answer_path is ../config_11/answer.txt
[2019-03-29 19:55:59] INFO [main: CodeCraft-2019.py, 322] car_path is ../config_12/car.txt
[2019-03-29 19:55:59] INFO [main: CodeCraft-2019.py, 323] road_path is ../config_12/road.txt
[2019-03-29 19:55:59] INFO [main: CodeCraft-2019.py, 324] cross_path is ../config_12/cross.txt
[2019-03-29 19:55:59] INFO [main: CodeCraft-2019.py, 325] answer_path is ../config_12/answer.txt
[2019-03-29 19:56:26] INFO [main: CodeCraft-2019.py, 322] car_path is ../config_12/car.txt
[2019-03-29 19:56:26] INFO [main: CodeCraft-2019.py, 323] road_path is ../config_12/road.txt
[2019-03-29 19:56:26] INFO [main: CodeCraft-2019.py, 324] cross_path is ../config_12/cross.txt
[2019-03-29 19:56:26] INFO [main: CodeCraft-2019.py, 325] answer_path is ../config_12/answer.txt
[2019-03-30 09:47:09] INFO [main: CodeCraft-2019.py, 322] car_path is ../config_1/car.txt
[2019-03-30 09:47:09] INFO [main: CodeCraft-2019.py, 323] road_path is ../config_1/road.txt
[2019-03-30 09:47:09] INFO [main: CodeCraft-2019.py, 324] cross_path is ../config_1/cross.txt
[2019-03-30 09:47:09] INFO [main: CodeCraft-2019.py, 325] answer_path is ../config_1/answer.txt
[2019-03-30 10:02:36] INFO [main: CodeCraft-2019.py, 323] car_path is ../config_1/car.txt
[2019-03-30 10:02:36] INFO [main: CodeCraft-2019.py, 324] road_path is ../config_1/road.txt
[2019-03-30 10:02:36] INFO [main: CodeCraft-2019.py, 325] cross_path is ../config_1/cross.txt
[2019-03-30 10:02:36] INFO [main: CodeCraft-2019.py, 326] answer_path is ../config_1/answer.txt
[2019-04-16 14:10:54] INFO [main: CodeCraft-2019.py, 333] car_path is ../1-map-exam-1/car.txt
[2019-04-16 14:10:54] INFO [main: CodeCraft-2019.py, 334] road_path is ../1-map-exam-1/road.txt
[2019-04-16 14:10:54] INFO [main: CodeCraft-2019.py, 335] cross_path is ../1-map-exam-1/cross.txt
[2019-04-16 14:10:54] INFO [main: CodeCraft-2019.py, 336] answer_path is ../1-map-exam-1/answer.txt
[2019-04-16 14:13:57] INFO [main: CodeCraft-2019.py, 333] car_path is ../1-map-exam-2/car.txt
[2019-04-16 14:13:57] INFO [main: CodeCraft-2019.py, 334] road_path is ../1-map-exam-2/road.txt
[2019-04-16 14:13:57] INFO [main: CodeCraft-2019.py, 335] cross_path is ../1-map-exam-2/cross.txt
[2019-04-16 14:13:57] INFO [main: CodeCraft-2019.py, 336] answer_path is ../1-map-exam-2/answer.txt
